blocks vars loaded
blok I
data loaded
var_out: S0T302_2.DACA.PV  var_in: NKZG_AN1_METAN  delay: 0  score:0.06278951848718406 /n
var_out: S0T302_2.DACA.PV  var_in: NKZG_AN1_METAN  delay: 1  score:0.06285544031398016 /n
var_out: S0T302_2.DACA.PV  var_in: NKZG_AN1_METAN  delay: 2  score:0.0628628507784641 /n
var_out: S0T302_2.DACA.PV  var_in: NKZG_AN1_METAN  delay: 3  score:0.06284801680579999 /n
var_out: S0T302_2.DACA.PV  var_in: NKZG_AN1_METAN  delay: 4  score:0.06282714689009317 /n
var_out: S0T302_2.DACA.PV  var_in: NKZG_AN1_METAN  delay: 5  score:0.06290327206856294 /n
var_out: S0T302_2.DACA.PV  var_in: NKZG_AN1_METAN  delay: 6  score:0.06290627471333088 /n
var_out: S0T302_2.DACA.PV  var_in: NKZG_AN1_METAN  delay: 7  score:0.06281175630799918 /n
var_out: S0T302_2.DACA.PV  var_in: NKZG_AN1_METAN  delay: 8  score:0.06283523825364612 /n
var_out: S0T302_2.DACA.PV  var_in: NKZG_AN1_METAN  delay: 9  score:0.06286128983407158 /n
var_out: S0T302_2.DACA.PV  var_in: NKZG_AN1_METAN  delay: 10  score:0.0629138168313752 /n
var_out: S0T302_2.DACA.PV  var_in: NKZG_AN1_METAN  delay: 11  score:0.06302496935022062 /n
var_out: S0T302_2.DACA.PV  var_in: NKZG_AN1_METAN  delay: 12  score:0.0631065507901053 /n
var_out: S0T302_2.DACA.PV  var_in: NKZG_AN1_METAN  delay: 13  score:0.06315493734953181 /n
var_out: S0T302_2.DACA.PV  var_in: NKZG_AN1_METAN  delay: 14  score:0.06308972194280227 /n
var_out: S0T302_2.DACA.PV  var_in: NKZG_AN1_METAN  delay: 15  score:0.0631744683191644 /n
var_out: S0T302_2.DACA.PV  var_in: NKZG_AN1_METAN  delay: 16  score:0.06307638816689343 /n
var_out: S0T302_2.DACA.PV  var_in: NKZG_AN1_METAN  delay: 17  score:0.06269348811561304 /n
var_out: S0T302_2.DACA.PV  var_in: NKZG_AN1_METAN  delay: 18  score:0.06270376876471717 /n
var_out: S0T302_2.DACA.PV  var_in: NKZG_AN1_METAN  delay: 19  score:0.06346580691617243 /n
var_out: S0T302_2.DACA.PV  var_in: NKZG_AN1_METAN  delay: 20  score:0.06350215491722211 /n
var_out: S0T302_2.DACA.PV  var_in: NKZG_AN1_METAN  delay: 21  score:0.06358102970360313 /n
var_out: S0T302_2.DACA.PV  var_in: NKZG_AN1_METAN  delay: 22  score:0.06366661497379134 /n
var_out: S0T302_2.DACA.PV  var_in: NKZG_AN1_METAN  delay: 23  score:0.06374943734432348 /n
var_out: S0T302_2.DACA.PV  var_in: NKZG_AN1_METAN  delay: 24  score:0.0637394830191409 /n
var_out: S0T302_2.DACA.PV  var_in: NKZG_AN1_METAN  delay: 25  score:0.06417836511333874 /n
var_out: S0T302_2.DACA.PV  var_in: NKZG_AN1_METAN  delay: 26  score:0.06409874894554779 /n
var_out: S0T302_2.DACA.PV  var_in: NKZG_AN1_METAN  delay: 27  score:0.06395679344901828 /n
var_out: S0T302_2.DACA.PV  var_in: NKZG_AN1_METAN  delay: 28  score:0.06388307851498298 /n
var_out: S0T302_2.DACA.PV  var_in: NKZG_AN1_METAN  delay: 29  score:0.06383492849243178 /n
var_out: S0T302_2.DACA.PV  var_in: NKZG_AN1_METAN  delay: 30  score:0.0638070108555675 /n
var_out: S0T302_2.DACA.PV  var_in: NKZG_AN1_METAN  delay: 31  score:0.0639053828565449 /n
var_out: S0T302_2.DACA.PV  var_in: NKZG_AN1_METAN  delay: 32  score:0.0639229074348503 /n
var_out: S0T302_2.DACA.PV  var_in: NKZG_AN1_METAN  delay: 33  score:0.06393513863055578 /n
var_out: S0T302_2.DACA.PV  var_in: NKZG_AN1_METAN  delay: 34  score:0.06393109984130252 /n
var_out: S0T302_2.DACA.PV  var_in: NKZG_AN1_METAN  delay: 35  score:0.0638434015796212 /n
var_out: S0T302_2.DACA.PV  var_in: NKZG_AN1_METAN  delay: 36  score:0.06384234787697574 /n
var_out: S0T302_2.DACA.PV  var_in: NKZG_AN1_METAN  delay: 37  score:0.06381738808031712 /n
var_out: S0T302_2.DACA.PV  var_in: NKZG_AN1_METAN  delay: 38  score:0.06379013757612206 /n
var_out: S0T302_2.DACA.PV  var_in: NKZG_AN1_METAN  delay: 39  score:0.06377391532611654 /n
var_out: S0T302_2.DACA.PV  var_in: NKZG_AN1_METAN  delay: 40  score:0.06316977015062897 /n
var_out: S0T302_2.DACA.PV  var_in: NKZG_AN1_METAN  best delay: 25  score:0.06417836511333874 /n
var_out: S0T302_2.DACA.PV  var_in: SRV_1_AZOT  delay: 0  score:0.051073177542942494 /n
var_out: S0T302_2.DACA.PV  var_in: SRV_1_AZOT  delay: 1  score:0.05104265199206115 /n
var_out: S0T302_2.DACA.PV  var_in: SRV_1_AZOT  delay: 2  score:0.05094124879132844 /n
var_out: S0T302_2.DACA.PV  var_in: SRV_1_AZOT  delay: 3  score:0.05097657887908924 /n
var_out: S0T302_2.DACA.PV  var_in: SRV_1_AZOT  delay: 4  score:0.05118444522720744 /n
var_out: S0T302_2.DACA.PV  var_in: SRV_1_AZOT  delay: 5  score:0.051244489033062446 /n
var_out: S0T302_2.DACA.PV  var_in: SRV_1_AZOT  delay: 6  score:0.05124679937006571 /n
var_out: S0T302_2.DACA.PV  var_in: SRV_1_AZOT  delay: 7  score:0.05124636500622448 /n
var_out: S0T302_2.DACA.PV  var_in: SRV_1_AZOT  delay: 8  score:0.05122420681927142 /n
var_out: S0T302_2.DACA.PV  var_in: SRV_1_AZOT  delay: 9  score:0.05119997452251657 /n
var_out: S0T302_2.DACA.PV  var_in: SRV_1_AZOT  delay: 10  score:0.05115524199513688 /n
var_out: S0T302_2.DACA.PV  var_in: SRV_1_AZOT  delay: 11  score:0.051400875503704424 /n
var_out: S0T302_2.DACA.PV  var_in: SRV_1_AZOT  delay: 12  score:0.051395007512781365 /n
var_out: S0T302_2.DACA.PV  var_in: SRV_1_AZOT  delay: 13  score:0.051379186758452766 /n
var_out: S0T302_2.DACA.PV  var_in: SRV_1_AZOT  delay: 14  score:0.050965562322794256 /n
var_out: S0T302_2.DACA.PV  var_in: SRV_1_AZOT  delay: 15  score:0.05092500069515005 /n
var_out: S0T302_2.DACA.PV  var_in: SRV_1_AZOT  delay: 16  score:0.05088366826312274 /n
var_out: S0T302_2.DACA.PV  var_in: SRV_1_AZOT  delay: 17  score:0.0508475840637187 /n
var_out: S0T302_2.DACA.PV  var_in: SRV_1_AZOT  delay: 18  score:0.05077215946752034 /n
var_out: S0T302_2.DACA.PV  var_in: SRV_1_AZOT  delay: 19  score:0.050880725825258044 /n
var_out: S0T302_2.DACA.PV  var_in: SRV_1_AZOT  delay: 20  score:0.05108716178267658 /n
var_out: S0T302_2.DACA.PV  var_in: SRV_1_AZOT  delay: 21  score:0.05123667769877405 /n
var_out: S0T302_2.DACA.PV  var_in: SRV_1_AZOT  delay: 22  score:0.05121692286115298 /n
var_out: S0T302_2.DACA.PV  var_in: SRV_1_AZOT  delay: 23  score:0.05105973594429669 /n
var_out: S0T302_2.DACA.PV  var_in: SRV_1_AZOT  delay: 24  score:0.05048423951505532 /n
var_out: S0T302_2.DACA.PV  var_in: SRV_1_AZOT  delay: 25  score:0.050492671408977396 /n
var_out: S0T302_2.DACA.PV  var_in: SRV_1_AZOT  delay: 26  score:0.050509062494422774 /n
var_out: S0T302_2.DACA.PV  var_in: SRV_1_AZOT  delay: 27  score:0.05059677281618247 /n
var_out: S0T302_2.DACA.PV  var_in: SRV_1_AZOT  delay: 28  score:0.05059871060907373 /n
var_out: S0T302_2.DACA.PV  var_in: SRV_1_AZOT  delay: 29  score:0.05060468193501266 /n
var_out: S0T302_2.DACA.PV  var_in: SRV_1_AZOT  delay: 30  score:0.0506000724485689 /n
var_out: S0T302_2.DACA.PV  var_in: SRV_1_AZOT  delay: 31  score:0.05056619129572171 /n
var_out: S0T302_2.DACA.PV  var_in: SRV_1_AZOT  delay: 32  score:0.050607317173581134 /n
var_out: S0T302_2.DACA.PV  var_in: SRV_1_AZOT  delay: 33  score:0.05063818337775239 /n
var_out: S0T302_2.DACA.PV  var_in: SRV_1_AZOT  delay: 34  score:0.05066031329499432 /n
var_out: S0T302_2.DACA.PV  var_in: SRV_1_AZOT  delay: 35  score:0.050725685124092035 /n
var_out: S0T302_2.DACA.PV  var_in: SRV_1_AZOT  delay: 36  score:0.048726798794681114 /n
var_out: S0T302_2.DACA.PV  var_in: SRV_1_AZOT  delay: 37  score:0.048755455566150796 /n
var_out: S0T302_2.DACA.PV  var_in: SRV_1_AZOT  delay: 38  score:0.048790089994338426 /n
var_out: S0T302_2.DACA.PV  var_in: SRV_1_AZOT  delay: 39  score:0.04879720783009611 /n
var_out: S0T302_2.DACA.PV  var_in: SRV_1_AZOT  delay: 40  score:0.04882021600409303 /n
var_out: S0T302_2.DACA.PV  var_in: SRV_1_AZOT  best delay: 11  score:0.051400875503704424 /n
var_out: S0T302_2.DACA.PV  var_in: SRV_1_WART_OPAL  delay: 0  score:0.06063974800089189 /n
var_out: S0T302_2.DACA.PV  var_in: SRV_1_WART_OPAL  delay: 1  score:0.06050484956523772 /n
var_out: S0T302_2.DACA.PV  var_in: SRV_1_WART_OPAL  delay: 2  score:0.060438822777276406 /n
var_out: S0T302_2.DACA.PV  var_in: SRV_1_WART_OPAL  delay: 3  score:0.060504593872228944 /n
